[debug] [2021-04-05T12:13:44.097Z] ----------------------------------------------------------------------
[debug] [2021-04-05T12:13:44.108Z] Command:       C:\Program Files\nodejs\node.exe C:\Users\ansri\AppData\Roaming\npm\node_modules\firebase-tools\lib\bin\firebase.js init
[debug] [2021-04-05T12:13:44.109Z] CLI Version:   9.3.0
[debug] [2021-04-05T12:13:44.109Z] Platform:      win32
[debug] [2021-04-05T12:13:44.110Z] Node Version:  v14.15.1
[debug] [2021-04-05T12:13:44.207Z] Time:          Mon Apr 05 2021 17:13:44 GMT+0500 (Pakistan Standard Time)
[debug] [2021-04-05T12:13:44.207Z] ----------------------------------------------------------------------
[debug] [2021-04-05T12:13:44.208Z] 
[debug] [2021-04-05T12:13:44.233Z] >>> [apiv2][query] GET https://firebase-public.firebaseio.com/cli.json [none]
[debug] [2021-04-05T12:13:44.341Z] > command requires scopes: ["email","openid","https://www.googleapis.com/auth/cloudplatformprojects.readonly","https://www.googleapis.com/auth/firebase","https://www.googleapis.com/auth/cloud-platform"]
[debug] [2021-04-05T12:13:44.343Z] > authorizing via signed-in user
[info] 
     ######## #### ########  ######## ########     ###     ######  ########
     ##        ##  ##     ## ##       ##     ##  ##   ##  ##       ##
     ######    ##  ########  ######   ########  #########  ######  ######
     ##        ##  ##    ##  ##       ##     ## ##     ##       ## ##
     ##       #### ##     ## ######## ########  ##     ##  ######  ########

You're about to initialize a Firebase project in this directory:

  C:\Users\ansri\OneDrive\Desktop\react project

[debug] [2021-04-05T12:13:45.504Z] <<< [apiv2][status] GET https://firebase-public.firebaseio.com/cli.json 200
[debug] [2021-04-05T12:13:45.504Z] <<< [apiv2][body] GET https://firebase-public.firebaseio.com/cli.json {"cloudBuildErrorAfter":1594252800000,"cloudBuildWarnAfter":1590019200000,"defaultNode10After":1594252800000,"minVersion":"3.0.5","node8DeploysDisabledAfter":1613390400000,"node8RuntimeDisabledAfter":1615809600000,"node8WarnAfter":1600128000000}
